<?xml version="1.0" encoding="UTF-8"?>
<!-- Generated by org.testng.reporters.JUnitXMLReporter -->
<testsuite ignored="3" hostname="LAPTOP-3HT8D097" failures="0" tests="1" name="Chrome Test" time="14.152" errors="0" timestamp="2026-02-19T14:01:56 IST">
  <testcase classname="testScripts.LoginTest" name="verifyUserLoginWithValidCredentials" time="4.449"/>
  <testcase classname="testScripts.LoginTest" name="verifyUserLoginWithValidPasswordAndInvalidUsername" time="0.0">
    <ignored/>
  </testcase> <!-- verifyUserLoginWithValidPasswordAndInvalidUsername -->
  <testcase classname="testScripts.LoginTest" name="verifyUserLoginWithInvalidCredentials" time="0.0">
    <ignored/>
  </testcase> <!-- verifyUserLoginWithInvalidCredentials -->
  <testcase classname="testScripts.LoginTest" name="verifyUserLoginWithValidUsernameAndInvalidPassword" time="0.0">
    <ignored/>
  </testcase> <!-- verifyUserLoginWithValidUsernameAndInvalidPassword -->
</testsuite> <!-- Chrome Test -->
