<?xml version="1.0" encoding="UTF-8"?>
<!-- Generated by org.testng.reporters.JUnitXMLReporter -->
<testsuite ignored="2" hostname="LAPTOP-3HT8D097" failures="0" tests="1" name="Default test" time="13.752" errors="0" timestamp="2026-02-12T23:11:14 IST">
  <testcase classname="testScripts.ManageNewsTest" name="refreshNews" time="6.75"/>
  <testcase classname="testScripts.ManageNewsTest" name="manageNewsAdd" time="0.0">
    <ignored/>
  </testcase> <!-- manageNewsAdd -->
  <testcase classname="testScripts.ManageNewsTest" name="searchNews" time="0.0">
    <ignored/>
  </testcase> <!-- searchNews -->
</testsuite> <!-- Default test -->
