<?xml version="1.0" encoding="UTF-8"?>
<testng-results ignored="0" total="3" passed="3" failed="0" skipped="0">
  <reporter-output>
  </reporter-output>
  <suite started-at="2026-02-25T21:21:11 IST" name="Suite" finished-at="2026-02-25T21:21:34 IST" duration-ms="22887">
    <groups>
    </groups>
    <test started-at="2026-02-25T21:21:11 IST" name="Test" finished-at="2026-02-25T21:21:34 IST" duration-ms="22887">
      <class name="testScripts.ManageNewsTest">
        <test-method is-config="true" signature="browserLaunch(java.lang.String)[pri:0, instance:testScripts.ManageNewsTest@2584b82d]" started-at="2026-02-25T21:21:11 IST" name="browserLaunch" finished-at="2026-02-25T21:21:16 IST" duration-ms="4337" status="PASS">
          <params>
            <param index="0">
              <value>
                <![CDATA[chrome]]>
              </value>
            </param>
          </params>
          <reporter-output>
          </reporter-output>
        </test-method> <!-- browserLaunch -->
        <test-method signature="createNewNewsItem()[pri:0, instance:testScripts.ManageNewsTest@2584b82d]" started-at="2026-02-25T21:21:16 IST" name="createNewNewsItem" description="Verifying user can add new news" finished-at="2026-02-25T21:21:21 IST" duration-ms="4886" status="PASS">
          <reporter-output>
          </reporter-output>
        </test-method> <!-- createNewNewsItem -->
        <test-method is-config="true" signature="driverQuit(org.testng.ITestResult)[pri:0, instance:testScripts.ManageNewsTest@2584b82d]" started-at="2026-02-25T21:21:21 IST" name="driverQuit" finished-at="2026-02-25T21:21:21 IST" duration-ms="451" status="PASS">
          <params>
            <param index="0">
              <value>
                <![CDATA[[TestResult name=createNewNewsItem status=SUCCESS method=ManageNewsTest.createNewNewsItem()[pri:0, instance:testScripts.ManageNewsTest@2584b82d] output={null}]]]>
              </value>
            </param>
          </params>
          <reporter-output>
          </reporter-output>
        </test-method> <!-- driverQuit -->
        <test-method is-config="true" signature="browserLaunch(java.lang.String)[pri:0, instance:testScripts.ManageNewsTest@2584b82d]" started-at="2026-02-25T21:21:21 IST" name="browserLaunch" finished-at="2026-02-25T21:21:24 IST" duration-ms="2912" status="PASS">
          <params>
            <param index="0">
              <value>
                <![CDATA[chrome]]>
              </value>
            </param>
          </params>
          <reporter-output>
          </reporter-output>
        </test-method> <!-- browserLaunch -->
        <test-method signature="refreshTheNewsListingPage()[pri:0, instance:testScripts.ManageNewsTest@2584b82d]" started-at="2026-02-25T21:21:24 IST" name="refreshTheNewsListingPage" description="Verifying user can refresh the news list" finished-at="2026-02-25T21:21:27 IST" duration-ms="2977" status="PASS">
          <reporter-output>
          </reporter-output>
        </test-method> <!-- refreshTheNewsListingPage -->
        <test-method is-config="true" signature="driverQuit(org.testng.ITestResult)[pri:0, instance:testScripts.ManageNewsTest@2584b82d]" started-at="2026-02-25T21:21:27 IST" name="driverQuit" finished-at="2026-02-25T21:21:27 IST" duration-ms="401" status="PASS">
          <params>
            <param index="0">
              <value>
                <![CDATA[[TestResult name=refreshTheNewsListingPage status=SUCCESS method=ManageNewsTest.refreshTheNewsListingPage()[pri:0, instance:testScripts.ManageNewsTest@2584b82d] output={null}]]]>
              </value>
            </param>
          </params>
          <reporter-output>
          </reporter-output>
        </test-method> <!-- driverQuit -->
        <test-method is-config="true" signature="browserLaunch(java.lang.String)[pri:0, instance:testScripts.ManageNewsTest@2584b82d]" started-at="2026-02-25T21:21:27 IST" name="browserLaunch" finished-at="2026-02-25T21:21:31 IST" duration-ms="3323" status="PASS">
          <params>
            <param index="0">
              <value>
                <![CDATA[chrome]]>
              </value>
            </param>
          </params>
          <reporter-output>
          </reporter-output>
        </test-method> <!-- browserLaunch -->
        <test-method signature="searchForExistingNewsItems()[pri:0, instance:testScripts.ManageNewsTest@2584b82d]" started-at="2026-02-25T21:21:31 IST" name="searchForExistingNewsItems" description="Verifying user can search the news list" finished-at="2026-02-25T21:21:34 IST" duration-ms="3112" status="PASS">
          <reporter-output>
          </reporter-output>
        </test-method> <!-- searchForExistingNewsItems -->
        <test-method is-config="true" signature="driverQuit(org.testng.ITestResult)[pri:0, instance:testScripts.ManageNewsTest@2584b82d]" started-at="2026-02-25T21:21:34 IST" name="driverQuit" finished-at="2026-02-25T21:21:34 IST" duration-ms="404" status="PASS">
          <params>
            <param index="0">
              <value>
                <![CDATA[[TestResult name=searchForExistingNewsItems status=SUCCESS method=ManageNewsTest.searchForExistingNewsItems()[pri:0, instance:testScripts.ManageNewsTest@2584b82d] output={null}]]]>
              </value>
            </param>
          </params>
          <reporter-output>
          </reporter-output>
        </test-method> <!-- driverQuit -->
      </class> <!-- testScripts.ManageNewsTest -->
    </test> <!-- Test -->
  </suite> <!-- Suite -->
</testng-results>
