<?xml version="1.0" encoding="UTF-8"?>
<!-- Generated by org.testng.reporters.JUnitXMLReporter -->
<testsuite ignored="0" hostname="LAPTOP-3HT8D097" failures="0" tests="3" name="Test" time="26.539" errors="0" timestamp="2026-02-19T15:12:02 IST">
  <testcase classname="testScripts.ManageNewsTest" name="createNewNewsItem" time="5.323"/>
  <testcase classname="testScripts.ManageNewsTest" name="refreshTheNewsListingPage" time="2.356"/>
  <testcase classname="testScripts.ManageNewsTest" name="searchForExistingNewsItems" time="2.808"/>
</testsuite> <!-- Test -->
