<?xml version="1.0" encoding="UTF-8"?>
<!-- Generated by org.testng.reporters.JUnitXMLReporter -->
<testsuite ignored="0" hostname="LAPTOP-3HT8D097" failures="0" tests="3" name="Test" time="22.887" errors="0" timestamp="2026-02-25T21:21:35 IST">
  <testcase classname="testScripts.ManageNewsTest" name="createNewNewsItem" time="4.886"/>
  <testcase classname="testScripts.ManageNewsTest" name="refreshTheNewsListingPage" time="2.977"/>
  <testcase classname="testScripts.ManageNewsTest" name="searchForExistingNewsItems" time="3.112"/>
</testsuite> <!-- Test -->
