<?xml version="1.0" encoding="UTF-8"?>
<!-- Generated by org.testng.reporters.JUnitXMLReporter -->
<testsuite ignored="0" hostname="LAPTOP-3HT8D097" failures="0" tests="4" name="Test1" time="106.275" errors="0" timestamp="2026-02-19T19:51:40 IST">
  <testcase classname="testScripts.LoginTest" name="verifyUserLoginWithValidCredentials" time="16.591"/>
  <testcase classname="testScripts.LoginTest" name="verifyUserLoginWithValidUsernameAndInvalidPassword" time="7.226"/>
  <testcase classname="testScripts.LoginTest" name="verifyUserLoginWithValidPasswordAndInvalidUsername" time="12.121"/>
  <testcase classname="testScripts.LoginTest" name="verifyUserLoginWithInvalidCredentials" time="5.119"/>
</testsuite> <!-- Test1 -->
