<?xml version="1.0" encoding="UTF-8"?>
<!-- Generated by org.testng.reporters.JUnitReportReporter -->
<testsuite hostname="LAPTOP-3HT8D097" failures="0" tests="3" name="testScripts.AdminUserTest" time="24.046" errors="0" timestamp="2026-02-25T21:20:18 IST" skipped="0">
  <testcase classname="testScripts.AdminUserTest" name="verifyUserCanSearchAdminUserByUsernameAndUserType" time="8.183"/>
  <testcase classname="testScripts.AdminUserTest" name="verifyUserCanAddNewAdminUser" time="9.810"/>
  <testcase classname="testScripts.AdminUserTest" name="verifyUserCanRefreshAdminUserList" time="6.053"/>
</testsuite> <!-- testScripts.AdminUserTest -->
