<?xml version="1.0" encoding="UTF-8"?>
<!-- Generated by org.testng.reporters.JUnitReportReporter -->
<testsuite hostname="LAPTOP-3HT8D097" failures="0" tests="3" name="testScripts.AdminUserTest" time="29.193" errors="0" timestamp="2026-02-19T15:09:51 IST" skipped="0">
  <testcase classname="testScripts.AdminUserTest" name="addNewUsersByUsingUsernamAndPassword" time="10.482"/>
  <testcase classname="testScripts.AdminUserTest" name="refreshTheUserList" time="10.023"/>
  <testcase classname="testScripts.AdminUserTest" name="searchForExistingAdminUsersByUsernameAndUserType" time="8.688"/>
</testsuite> <!-- testScripts.AdminUserTest -->
