<?xml version="1.0" encoding="UTF-8"?>
<!-- Generated by org.testng.reporters.JUnitReportReporter -->
<testsuite hostname="LAPTOP-3HT8D097" failures="0" tests="3" name="testScripts.ManageNewsTest" time="39.416" errors="0" timestamp="2026-02-25T21:25:46 IST" skipped="0">
  <testcase classname="testScripts.ManageNewsTest" name="createNewNewsItem" time="18.908"/>
  <testcase classname="testScripts.ManageNewsTest" name="refreshTheNewsListingPage" time="13.382"/>
  <testcase classname="testScripts.ManageNewsTest" name="searchForExistingNewsItems" time="7.126"/>
</testsuite> <!-- testScripts.ManageNewsTest -->
