<?xml version="1.0" encoding="UTF-8"?>
<!-- Generated by org.testng.reporters.JUnitReportReporter -->
<testsuite hostname="LAPTOP-3HT8D097" failures="0" tests="3" name="testScripts.ManageNewsTest" time="22.803" errors="0" timestamp="2026-02-25T21:21:35 IST" skipped="0">
  <testcase classname="testScripts.ManageNewsTest" name="createNewNewsItem" time="8.202"/>
  <testcase classname="testScripts.ManageNewsTest" name="searchForExistingNewsItems" time="7.900"/>
  <testcase classname="testScripts.ManageNewsTest" name="refreshTheNewsListingPage" time="6.701"/>
</testsuite> <!-- testScripts.ManageNewsTest -->
