<?xml version="1.0" encoding="UTF-8"?>
<!-- Generated by org.testng.reporters.JUnitReportReporter -->
<testsuite hostname="LAPTOP-3HT8D097" failures="0" tests="4" name="testScripts.LoginTest" time="30.192" errors="0" timestamp="2026-02-19T15:08:57 IST" skipped="0">
  <testcase classname="testScripts.LoginTest" name="verifyUserLoginWithValidCredentials" time="7.734"/>
  <testcase classname="testScripts.LoginTest" name="verifyUserLoginWithValidUsernameAndInvalidPassword" time="5.535"/>
  <testcase classname="testScripts.LoginTest" name="verifyUserLoginWithValidPasswordAndInvalidUsername" time="11.540"/>
  <testcase classname="testScripts.LoginTest" name="verifyUserLoginWithInvalidCredentials" time="5.383"/>
</testsuite> <!-- testScripts.LoginTest -->
