<?xml version="1.0" encoding="UTF-8"?>
<testng-results ignored="0" total="3" passed="3" failed="0" skipped="0">
  <reporter-output>
  </reporter-output>
  <suite started-at="2026-02-25T21:25:06 IST" name="Suite" finished-at="2026-02-25T21:25:45 IST" duration-ms="39607">
    <groups>
    </groups>
    <test started-at="2026-02-25T21:25:06 IST" name="Test" finished-at="2026-02-25T21:25:45 IST" duration-ms="39607">
      <class name="testScripts.ManageNewsTest">
        <test-method is-config="true" signature="browserLaunch(java.lang.String)[pri:0, instance:testScripts.ManageNewsTest@2584b82d]" started-at="2026-02-25T21:25:06 IST" name="browserLaunch" finished-at="2026-02-25T21:25:13 IST" duration-ms="6894" status="PASS">
          <params>
            <param index="0">
              <value>
                <![CDATA[chrome]]>
              </value>
            </param>
          </params>
          <reporter-output>
          </reporter-output>
        </test-method> <!-- browserLaunch -->
        <test-method signature="createNewNewsItem()[pri:0, instance:testScripts.ManageNewsTest@2584b82d]" started-at="2026-02-25T21:25:13 IST" name="createNewNewsItem" description="Verifying user can add new news" finished-at="2026-02-25T21:25:25 IST" duration-ms="12320" status="PASS">
          <reporter-output>
          </reporter-output>
        </test-method> <!-- createNewNewsItem -->
        <test-method is-config="true" signature="driverQuit(org.testng.ITestResult)[pri:0, instance:testScripts.ManageNewsTest@2584b82d]" started-at="2026-02-25T21:25:25 IST" name="driverQuit" finished-at="2026-02-25T21:25:26 IST" duration-ms="732" status="PASS">
          <params>
            <param index="0">
              <value>
                <![CDATA[[TestResult name=createNewNewsItem status=SUCCESS method=ManageNewsTest.createNewNewsItem()[pri:0, instance:testScripts.ManageNewsTest@2584b82d] output={null}]]]>
              </value>
            </param>
          </params>
          <reporter-output>
          </reporter-output>
        </test-method> <!-- driverQuit -->
        <test-method is-config="true" signature="browserLaunch(java.lang.String)[pri:0, instance:testScripts.ManageNewsTest@2584b82d]" started-at="2026-02-25T21:25:26 IST" name="browserLaunch" finished-at="2026-02-25T21:25:32 IST" duration-ms="6034" status="PASS">
          <params>
            <param index="0">
              <value>
                <![CDATA[chrome]]>
              </value>
            </param>
          </params>
          <reporter-output>
          </reporter-output>
        </test-method> <!-- browserLaunch -->
        <test-method signature="refreshTheNewsListingPage()[pri:0, instance:testScripts.ManageNewsTest@2584b82d]" started-at="2026-02-25T21:25:32 IST" name="refreshTheNewsListingPage" description="Verifying user can refresh the news list" finished-at="2026-02-25T21:25:38 IST" duration-ms="5756" status="PASS">
          <reporter-output>
          </reporter-output>
        </test-method> <!-- refreshTheNewsListingPage -->
        <test-method is-config="true" signature="driverQuit(org.testng.ITestResult)[pri:0, instance:testScripts.ManageNewsTest@2584b82d]" started-at="2026-02-25T21:25:38 IST" name="driverQuit" finished-at="2026-02-25T21:25:38 IST" duration-ms="458" status="PASS">
          <params>
            <param index="0">
              <value>
                <![CDATA[[TestResult name=refreshTheNewsListingPage status=SUCCESS method=ManageNewsTest.refreshTheNewsListingPage()[pri:0, instance:testScripts.ManageNewsTest@2584b82d] output={null}]]]>
              </value>
            </param>
          </params>
          <reporter-output>
          </reporter-output>
        </test-method> <!-- driverQuit -->
        <test-method is-config="true" signature="browserLaunch(java.lang.String)[pri:0, instance:testScripts.ManageNewsTest@2584b82d]" started-at="2026-02-25T21:25:38 IST" name="browserLaunch" finished-at="2026-02-25T21:25:41 IST" duration-ms="2880" status="PASS">
          <params>
            <param index="0">
              <value>
                <![CDATA[chrome]]>
              </value>
            </param>
          </params>
          <reporter-output>
          </reporter-output>
        </test-method> <!-- browserLaunch -->
        <test-method signature="searchForExistingNewsItems()[pri:0, instance:testScripts.ManageNewsTest@2584b82d]" started-at="2026-02-25T21:25:41 IST" name="searchForExistingNewsItems" description="Verifying user can search the news list" finished-at="2026-02-25T21:25:45 IST" duration-ms="3788" status="PASS">
          <reporter-output>
          </reporter-output>
        </test-method> <!-- searchForExistingNewsItems -->
        <test-method is-config="true" signature="driverQuit(org.testng.ITestResult)[pri:0, instance:testScripts.ManageNewsTest@2584b82d]" started-at="2026-02-25T21:25:45 IST" name="driverQuit" finished-at="2026-02-25T21:25:45 IST" duration-ms="554" status="PASS">
          <params>
            <param index="0">
              <value>
                <![CDATA[[TestResult name=searchForExistingNewsItems status=SUCCESS method=ManageNewsTest.searchForExistingNewsItems()[pri:0, instance:testScripts.ManageNewsTest@2584b82d] output={null}]]]>
              </value>
            </param>
          </params>
          <reporter-output>
          </reporter-output>
        </test-method> <!-- driverQuit -->
      </class> <!-- testScripts.ManageNewsTest -->
    </test> <!-- Test -->
  </suite> <!-- Suite -->
</testng-results>
