<?xml version="1.0" encoding="UTF-8"?>
<!-- Generated by org.testng.reporters.JUnitXMLReporter -->
<testsuite ignored="2" hostname="LAPTOP-3HT8D097" failures="0" tests="2" name="Test" time="21.051" errors="0" timestamp="2026-02-19T14:03:21 IST">
  <testcase classname="testScripts.LoginTest" name="verifyUserLoginWithValidCredentials" time="4.25"/>
  <testcase classname="testScripts.LoginTest" name="verifyUserLoginWithInvalidCredentials" time="1.173"/>
  <testcase classname="testScripts.LoginTest" name="verifyUserLoginWithValidPasswordAndInvalidUsername" time="0.0">
    <ignored/>
  </testcase> <!-- verifyUserLoginWithValidPasswordAndInvalidUsername -->
  <testcase classname="testScripts.LoginTest" name="verifyUserLoginWithValidUsernameAndInvalidPassword" time="0.0">
    <ignored/>
  </testcase> <!-- verifyUserLoginWithValidUsernameAndInvalidPassword -->
</testsuite> <!-- Test -->
