<?xml version="1.0" encoding="UTF-8"?>
<!-- Generated by org.testng.reporters.JUnitReportReporter -->
<testsuite hostname="LAPTOP-3HT8D097" failures="0" tests="4" name="testScripts.LoginTest" time="28.608" errors="0" timestamp="2026-02-12T21:35:41 IST" skipped="0">
  <testcase classname="testScripts.LoginTest" name="verifyUserLoginWithValidCredentials" time="7.434"/>
  <testcase classname="testScripts.LoginTest" name="verifyUserLoginWithValidUsernameAndInvalidPassword" time="5.283"/>
  <testcase classname="testScripts.LoginTest" name="verifyUserLoginWithValidPasswordAndInvalidUsername" time="6.819"/>
  <testcase classname="testScripts.LoginTest" name="verifyUserLoginWithInvalidCredentials" time="9.072"/>
</testsuite> <!-- testScripts.LoginTest -->
